2025-05-27 20:09:11,011 [DEBUG] STREAM b'IHDR' 16 13
2025-05-27 20:09:11,012 [DEBUG] STREAM b'pHYs' 41 9
2025-05-27 20:09:11,012 [DEBUG] STREAM b'IDAT' 62 8192
2025-05-27 20:09:11,012 [DEBUG] STREAM b'IHDR' 16 13
2025-05-27 20:09:11,012 [DEBUG] STREAM b'pHYs' 41 9
2025-05-27 20:09:11,013 [DEBUG] STREAM b'IDAT' 62 8192
2025-05-27 20:09:11,031 [INFO] Initial board assumed white to move
2025-05-27 20:09:11,991 [DEBUG] STREAM b'IHDR' 16 13
2025-05-27 20:09:11,991 [DEBUG] STREAM b'pHYs' 41 9
2025-05-27 20:09:11,991 [DEBUG] STREAM b'IDAT' 62 8192
2025-05-27 20:09:11,997 [DEBUG] SSIM score: 0.98324
2025-05-27 20:09:11,998 [DEBUG] STREAM b'IHDR' 16 13
2025-05-27 20:09:11,998 [DEBUG] STREAM b'pHYs' 41 9
2025-05-27 20:09:11,998 [DEBUG] STREAM b'IDAT' 62 8192
2025-05-27 20:09:12,014 [DEBUG] Changed squares: [('e4', 'P', '.'), ('e2', '.', 'P')]
2025-05-27 20:09:12,014 [INFO] Turn inferred: w moved \u2192 now b
2025-05-27 20:09:12,991 [DEBUG] Duplicate image content skipped (hash): ca88482bbeaf375a8efd5d74c2492200
2025-05-27 20:09:13,998 [DEBUG] STREAM b'IHDR' 16 13
2025-05-27 20:09:13,998 [DEBUG] STREAM b'pHYs' 41 9
2025-05-27 20:09:13,998 [DEBUG] STREAM b'IDAT' 62 8192
2025-05-27 20:09:14,003 [DEBUG] SSIM score: 0.98324
2025-05-27 20:09:14,004 [DEBUG] STREAM b'IHDR' 16 13
2025-05-27 20:09:14,004 [DEBUG] STREAM b'pHYs' 41 9
2025-05-27 20:09:14,004 [DEBUG] STREAM b'IDAT' 62 8192
2025-05-27 20:09:14,019 [DEBUG] Changed squares: [('e4', '.', 'P'), ('e2', 'P', '.')]
2025-05-27 20:09:14,020 [INFO] Turn inferred: w moved \u2192 now b
2025-05-27 20:09:15,006 [DEBUG] Duplicate image content skipped (hash): 17b1341a169d0648b1eb7c33bddccda6
2025-05-27 20:09:15,993 [DEBUG] Duplicate image content skipped (hash): 17b1341a169d0648b1eb7c33bddccda6
2025-05-27 20:09:16,995 [DEBUG] Duplicate image content skipped (hash): 17b1341a169d0648b1eb7c33bddccda6
2025-05-27 20:09:18,001 [DEBUG] Duplicate image content skipped (hash): 17b1341a169d0648b1eb7c33bddccda6
2025-05-27 20:09:19,018 [DEBUG] STREAM b'IHDR' 16 13
2025-05-27 20:09:19,018 [DEBUG] STREAM b'pHYs' 41 9
2025-05-27 20:09:19,018 [DEBUG] STREAM b'IDAT' 62 8192
2025-05-27 20:09:19,024 [DEBUG] SSIM score: 0.97640
2025-05-27 20:09:19,024 [DEBUG] STREAM b'IHDR' 16 13
2025-05-27 20:09:19,024 [DEBUG] STREAM b'pHYs' 41 9
2025-05-27 20:09:19,024 [DEBUG] STREAM b'IDAT' 62 8192
2025-05-27 20:09:19,039 [DEBUG] Changed squares: [('c7', 'p', '.'), ('c5', '.', 'p')]
2025-05-27 20:09:19,039 [INFO] Turn inferred: b moved \u2192 now w
2025-05-27 20:09:20,019 [DEBUG] Duplicate image content skipped (hash): c975a3bab7df01277140b684122640d5
2025-05-27 20:09:21,007 [DEBUG] Duplicate image content skipped (hash): c975a3bab7df01277140b684122640d5
2025-05-27 20:09:22,008 [DEBUG] Duplicate image content skipped (hash): c975a3bab7df01277140b684122640d5
